a                7
acompanharao     1
aguas            1
algum            1
amor             1
andar            1
banquete         1
bondade          1
cabeca           1
cajado           1
calice           1
casa             1
com              1
comigo           1
conduz           1
da               2
de               2
dias             1
do               2
dos              1
e                7
em               1
enquanto         1
estas            1
eu               2
falta            1
faz              1
fazendo          1
fidelidade       1
guia             1
honras           1
inimigos         1
justica          1
me               7
mesmo            1
meu              2
meus             1
mim              1
minha            2
morte            1
nada             1
nao              1
nas              1
nome             1
o                5
oleo             1
os               1
para             1
pastagens        1
pastor           1
perigo           1
pois             1
por              2
preparas         1
protegem         1
quando           1
que              1
repousar         1
restaura         1
sei              1
senhor           2
seu              1
temerei          1
terei            1
teu              1
todos            1
tranquilas       1
transbordar      1
trevas           1
tu               2
tua              1
um               2
ungindo          1
vale             1
vara             1
verdes           1
veredas          1
vida             1
vigor            1
vista            1
viver            1
voltarei         1
